Determining if the pthread_create exist failed with the following output:
Change Dir: /home/sundong/Exploring/localplanning/ros_navigation_stack_vrep_simulation/build/catkin_tools_prebuild/CMakeFiles/CMakeTmp

Run Build Command:"/usr/bin/make" "cmTC_5908d/fast"
/usr/bin/make -f CMakeFiles/cmTC_5908d.dir/build.make CMakeFiles/cmTC_5908d.dir/build
make[1]: Entering directory '/home/sundong/Exploring/localplanning/ros_navigation_stack_vrep_simulation/build/catkin_tools_prebuild/CMakeFiles/CMakeTmp'
Building C object CMakeFiles/cmTC_5908d.dir/CheckSymbolExists.c.o
/usr/bin/cc     -o CMakeFiles/cmTC_5908d.dir/CheckSymbolExists.c.o   -c /home/sundong/Exploring/localplanning/ros_navigation_stack_vrep_simulation/build/catkin_tools_prebuild/CMakeFiles/CMakeTmp/CheckSymbolExists.c
Linking C executable cmTC_5908d
/usr/bin/cmake -E cmake_link_script CMakeFiles/cmTC_5908d.dir/link.txt --verbose=1
/usr/bin/cc       CMakeFiles/cmTC_5908d.dir/CheckSymbolExists.c.o  -o cmTC_5908d -rdynamic 
CMakeFiles/cmTC_5908d.dir/CheckSymbolExists.c.o：在函数‘main’中：
CheckSymbolExists.c:(.text+0x16)：对‘pthread_create’未定义的引用
collect2: error: ld returned 1 exit status
CMakeFiles/cmTC_5908d.dir/build.make:97: recipe for target 'cmTC_5908d' failed
make[1]: *** [cmTC_5908d] Error 1
make[1]: Leaving directory '/home/sundong/Exploring/localplanning/ros_navigation_stack_vrep_simulation/build/catkin_tools_prebuild/CMakeFiles/CMakeTmp'
Makefile:126: recipe for target 'cmTC_5908d/fast' failed
make: *** [cmTC_5908d/fast] Error 2

File /home/sundong/Exploring/localplanning/ros_navigation_stack_vrep_simulation/build/catkin_tools_prebuild/CMakeFiles/CMakeTmp/CheckSymbolExists.c:
/* */
#include <pthread.h>

int main(int argc, char** argv)
{
  (void)argv;
#ifndef pthread_create
  return ((int*)(&pthread_create))[argc];
#else
  (void)argc;
  return 0;
#endif
}

Determining if the function pthread_create exists in the pthreads failed with the following output:
Change Dir: /home/sundong/Exploring/localplanning/ros_navigation_stack_vrep_simulation/build/catkin_tools_prebuild/CMakeFiles/CMakeTmp

Run Build Command:"/usr/bin/make" "cmTC_2c139/fast"
/usr/bin/make -f CMakeFiles/cmTC_2c139.dir/build.make CMakeFiles/cmTC_2c139.dir/build
make[1]: Entering directory '/home/sundong/Exploring/localplanning/ros_navigation_stack_vrep_simulation/build/catkin_tools_prebuild/CMakeFiles/CMakeTmp'
Building C object CMakeFiles/cmTC_2c139.dir/CheckFunctionExists.c.o
/usr/bin/cc    -DCHECK_FUNCTION_EXISTS=pthread_create   -o CMakeFiles/cmTC_2c139.dir/CheckFunctionExists.c.o   -c /usr/share/cmake-3.5/Modules/CheckFunctionExists.c
Linking C executable cmTC_2c139
/usr/bin/cmake -E cmake_link_script CMakeFiles/cmTC_2c139.dir/link.txt --verbose=1
/usr/bin/cc   -DCHECK_FUNCTION_EXISTS=pthread_create    CMakeFiles/cmTC_2c139.dir/CheckFunctionExists.c.o  -o cmTC_2c139 -rdynamic -lpthreads 
/usr/bin/ld: 找不到 -lpthreads
collect2: error: ld returned 1 exit status
CMakeFiles/cmTC_2c139.dir/build.make:97: recipe for target 'cmTC_2c139' failed
make[1]: *** [cmTC_2c139] Error 1
make[1]: Leaving directory '/home/sundong/Exploring/localplanning/ros_navigation_stack_vrep_simulation/build/catkin_tools_prebuild/CMakeFiles/CMakeTmp'
Makefile:126: recipe for target 'cmTC_2c139/fast' failed
make: *** [cmTC_2c139/fast] Error 2


