Determining if the pthread_create exist failed with the following output:
Change Dir: /home/sundong/Exploring/localplanning/ros_navigation_stack_vrep_simulation/vrep_ws/build/anm_msgs/CMakeFiles/CMakeTmp

Run Build Command:"/usr/bin/make" "cmTC_cb128/fast"
/usr/bin/make -f CMakeFiles/cmTC_cb128.dir/build.make CMakeFiles/cmTC_cb128.dir/build
make[1]: Entering directory '/home/sundong/Exploring/localplanning/ros_navigation_stack_vrep_simulation/vrep_ws/build/anm_msgs/CMakeFiles/CMakeTmp'
Building C object CMakeFiles/cmTC_cb128.dir/CheckSymbolExists.c.o
/usr/bin/cc     -o CMakeFiles/cmTC_cb128.dir/CheckSymbolExists.c.o   -c /home/sundong/Exploring/localplanning/ros_navigation_stack_vrep_simulation/vrep_ws/build/anm_msgs/CMakeFiles/CMakeTmp/CheckSymbolExists.c
Linking C executable cmTC_cb128
/usr/bin/cmake -E cmake_link_script CMakeFiles/cmTC_cb128.dir/link.txt --verbose=1
/usr/bin/cc       CMakeFiles/cmTC_cb128.dir/CheckSymbolExists.c.o  -o cmTC_cb128 -rdynamic 
CMakeFiles/cmTC_cb128.dir/CheckSymbolExists.c.o：在函数‘main’中：
CheckSymbolExists.c:(.text+0x16)：对‘pthread_create’未定义的引用
collect2: error: ld returned 1 exit status
CMakeFiles/cmTC_cb128.dir/build.make:97: recipe for target 'cmTC_cb128' failed
make[1]: *** [cmTC_cb128] Error 1
make[1]: Leaving directory '/home/sundong/Exploring/localplanning/ros_navigation_stack_vrep_simulation/vrep_ws/build/anm_msgs/CMakeFiles/CMakeTmp'
Makefile:126: recipe for target 'cmTC_cb128/fast' failed
make: *** [cmTC_cb128/fast] Error 2

File /home/sundong/Exploring/localplanning/ros_navigation_stack_vrep_simulation/vrep_ws/build/anm_msgs/CMakeFiles/CMakeTmp/CheckSymbolExists.c:
/* */
#include <pthread.h>

int main(int argc, char** argv)
{
  (void)argv;
#ifndef pthread_create
  return ((int*)(&pthread_create))[argc];
#else
  (void)argc;
  return 0;
#endif
}

Determining if the function pthread_create exists in the pthreads failed with the following output:
Change Dir: /home/sundong/Exploring/localplanning/ros_navigation_stack_vrep_simulation/vrep_ws/build/anm_msgs/CMakeFiles/CMakeTmp

Run Build Command:"/usr/bin/make" "cmTC_60f2d/fast"
/usr/bin/make -f CMakeFiles/cmTC_60f2d.dir/build.make CMakeFiles/cmTC_60f2d.dir/build
make[1]: Entering directory '/home/sundong/Exploring/localplanning/ros_navigation_stack_vrep_simulation/vrep_ws/build/anm_msgs/CMakeFiles/CMakeTmp'
Building C object CMakeFiles/cmTC_60f2d.dir/CheckFunctionExists.c.o
/usr/bin/cc    -DCHECK_FUNCTION_EXISTS=pthread_create   -o CMakeFiles/cmTC_60f2d.dir/CheckFunctionExists.c.o   -c /usr/share/cmake-3.5/Modules/CheckFunctionExists.c
Linking C executable cmTC_60f2d
/usr/bin/cmake -E cmake_link_script CMakeFiles/cmTC_60f2d.dir/link.txt --verbose=1
/usr/bin/cc   -DCHECK_FUNCTION_EXISTS=pthread_create    CMakeFiles/cmTC_60f2d.dir/CheckFunctionExists.c.o  -o cmTC_60f2d -rdynamic -lpthreads 
/usr/bin/ld: 找不到 -lpthreads
collect2: error: ld returned 1 exit status
CMakeFiles/cmTC_60f2d.dir/build.make:97: recipe for target 'cmTC_60f2d' failed
make[1]: *** [cmTC_60f2d] Error 1
make[1]: Leaving directory '/home/sundong/Exploring/localplanning/ros_navigation_stack_vrep_simulation/vrep_ws/build/anm_msgs/CMakeFiles/CMakeTmp'
Makefile:126: recipe for target 'cmTC_60f2d/fast' failed
make: *** [cmTC_60f2d/fast] Error 2


