Determining if the pthread_create exist failed with the following output:
Change Dir: /home/sundong/Exploring/localplanning/ros_navigation_stack_vrep_simulation/build/dwa_local_planner/CMakeFiles/CMakeTmp

Run Build Command:"/usr/bin/make" "cmTC_89eed/fast"
/usr/bin/make -f CMakeFiles/cmTC_89eed.dir/build.make CMakeFiles/cmTC_89eed.dir/build
make[1]: Entering directory '/home/sundong/Exploring/localplanning/ros_navigation_stack_vrep_simulation/build/dwa_local_planner/CMakeFiles/CMakeTmp'
Building C object CMakeFiles/cmTC_89eed.dir/CheckSymbolExists.c.o
/usr/bin/cc     -o CMakeFiles/cmTC_89eed.dir/CheckSymbolExists.c.o   -c /home/sundong/Exploring/localplanning/ros_navigation_stack_vrep_simulation/build/dwa_local_planner/CMakeFiles/CMakeTmp/CheckSymbolExists.c
Linking C executable cmTC_89eed
/usr/bin/cmake -E cmake_link_script CMakeFiles/cmTC_89eed.dir/link.txt --verbose=1
/usr/bin/cc       CMakeFiles/cmTC_89eed.dir/CheckSymbolExists.c.o  -o cmTC_89eed -rdynamic 
CMakeFiles/cmTC_89eed.dir/CheckSymbolExists.c.o：在函数‘main’中：
CheckSymbolExists.c:(.text+0x16)：对‘pthread_create’未定义的引用
collect2: error: ld returned 1 exit status
CMakeFiles/cmTC_89eed.dir/build.make:97: recipe for target 'cmTC_89eed' failed
make[1]: *** [cmTC_89eed] Error 1
make[1]: Leaving directory '/home/sundong/Exploring/localplanning/ros_navigation_stack_vrep_simulation/build/dwa_local_planner/CMakeFiles/CMakeTmp'
Makefile:126: recipe for target 'cmTC_89eed/fast' failed
make: *** [cmTC_89eed/fast] Error 2

File /home/sundong/Exploring/localplanning/ros_navigation_stack_vrep_simulation/build/dwa_local_planner/CMakeFiles/CMakeTmp/CheckSymbolExists.c:
/* */
#include <pthread.h>

int main(int argc, char** argv)
{
  (void)argv;
#ifndef pthread_create
  return ((int*)(&pthread_create))[argc];
#else
  (void)argc;
  return 0;
#endif
}

Determining if the function pthread_create exists in the pthreads failed with the following output:
Change Dir: /home/sundong/Exploring/localplanning/ros_navigation_stack_vrep_simulation/build/dwa_local_planner/CMakeFiles/CMakeTmp

Run Build Command:"/usr/bin/make" "cmTC_2072f/fast"
/usr/bin/make -f CMakeFiles/cmTC_2072f.dir/build.make CMakeFiles/cmTC_2072f.dir/build
make[1]: Entering directory '/home/sundong/Exploring/localplanning/ros_navigation_stack_vrep_simulation/build/dwa_local_planner/CMakeFiles/CMakeTmp'
Building C object CMakeFiles/cmTC_2072f.dir/CheckFunctionExists.c.o
/usr/bin/cc    -DCHECK_FUNCTION_EXISTS=pthread_create   -o CMakeFiles/cmTC_2072f.dir/CheckFunctionExists.c.o   -c /usr/share/cmake-3.5/Modules/CheckFunctionExists.c
Linking C executable cmTC_2072f
/usr/bin/cmake -E cmake_link_script CMakeFiles/cmTC_2072f.dir/link.txt --verbose=1
/usr/bin/cc   -DCHECK_FUNCTION_EXISTS=pthread_create    CMakeFiles/cmTC_2072f.dir/CheckFunctionExists.c.o  -o cmTC_2072f -rdynamic -lpthreads 
/usr/bin/ld: 找不到 -lpthreads
collect2: error: ld returned 1 exit status
CMakeFiles/cmTC_2072f.dir/build.make:97: recipe for target 'cmTC_2072f' failed
make[1]: *** [cmTC_2072f] Error 1
make[1]: Leaving directory '/home/sundong/Exploring/localplanning/ros_navigation_stack_vrep_simulation/build/dwa_local_planner/CMakeFiles/CMakeTmp'
Makefile:126: recipe for target 'cmTC_2072f/fast' failed
make: *** [cmTC_2072f/fast] Error 2


