Determining if the pthread_create exist failed with the following output:
Change Dir: /home/sundong/Exploring/localplanning/ros_navigation_stack_vrep_simulation/build/costmap_2d/CMakeFiles/CMakeTmp

Run Build Command:"/usr/bin/make" "cmTC_4525d/fast"
/usr/bin/make -f CMakeFiles/cmTC_4525d.dir/build.make CMakeFiles/cmTC_4525d.dir/build
make[1]: Entering directory '/home/sundong/Exploring/localplanning/ros_navigation_stack_vrep_simulation/build/costmap_2d/CMakeFiles/CMakeTmp'
Building C object CMakeFiles/cmTC_4525d.dir/CheckSymbolExists.c.o
/usr/bin/cc     -o CMakeFiles/cmTC_4525d.dir/CheckSymbolExists.c.o   -c /home/sundong/Exploring/localplanning/ros_navigation_stack_vrep_simulation/build/costmap_2d/CMakeFiles/CMakeTmp/CheckSymbolExists.c
Linking C executable cmTC_4525d
/usr/bin/cmake -E cmake_link_script CMakeFiles/cmTC_4525d.dir/link.txt --verbose=1
/usr/bin/cc       CMakeFiles/cmTC_4525d.dir/CheckSymbolExists.c.o  -o cmTC_4525d -rdynamic 
CMakeFiles/cmTC_4525d.dir/CheckSymbolExists.c.o：在函数‘main’中：
CheckSymbolExists.c:(.text+0x16)：对‘pthread_create’未定义的引用
collect2: error: ld returned 1 exit status
CMakeFiles/cmTC_4525d.dir/build.make:97: recipe for target 'cmTC_4525d' failed
make[1]: *** [cmTC_4525d] Error 1
make[1]: Leaving directory '/home/sundong/Exploring/localplanning/ros_navigation_stack_vrep_simulation/build/costmap_2d/CMakeFiles/CMakeTmp'
Makefile:126: recipe for target 'cmTC_4525d/fast' failed
make: *** [cmTC_4525d/fast] Error 2

File /home/sundong/Exploring/localplanning/ros_navigation_stack_vrep_simulation/build/costmap_2d/CMakeFiles/CMakeTmp/CheckSymbolExists.c:
/* */
#include <pthread.h>

int main(int argc, char** argv)
{
  (void)argv;
#ifndef pthread_create
  return ((int*)(&pthread_create))[argc];
#else
  (void)argc;
  return 0;
#endif
}

Determining if the function pthread_create exists in the pthreads failed with the following output:
Change Dir: /home/sundong/Exploring/localplanning/ros_navigation_stack_vrep_simulation/build/costmap_2d/CMakeFiles/CMakeTmp

Run Build Command:"/usr/bin/make" "cmTC_f33ff/fast"
/usr/bin/make -f CMakeFiles/cmTC_f33ff.dir/build.make CMakeFiles/cmTC_f33ff.dir/build
make[1]: Entering directory '/home/sundong/Exploring/localplanning/ros_navigation_stack_vrep_simulation/build/costmap_2d/CMakeFiles/CMakeTmp'
Building C object CMakeFiles/cmTC_f33ff.dir/CheckFunctionExists.c.o
/usr/bin/cc    -DCHECK_FUNCTION_EXISTS=pthread_create   -o CMakeFiles/cmTC_f33ff.dir/CheckFunctionExists.c.o   -c /usr/share/cmake-3.5/Modules/CheckFunctionExists.c
Linking C executable cmTC_f33ff
/usr/bin/cmake -E cmake_link_script CMakeFiles/cmTC_f33ff.dir/link.txt --verbose=1
/usr/bin/cc   -DCHECK_FUNCTION_EXISTS=pthread_create    CMakeFiles/cmTC_f33ff.dir/CheckFunctionExists.c.o  -o cmTC_f33ff -rdynamic -lpthreads 
/usr/bin/ld: 找不到 -lpthreads
collect2: error: ld returned 1 exit status
CMakeFiles/cmTC_f33ff.dir/build.make:97: recipe for target 'cmTC_f33ff' failed
make[1]: *** [cmTC_f33ff] Error 1
make[1]: Leaving directory '/home/sundong/Exploring/localplanning/ros_navigation_stack_vrep_simulation/build/costmap_2d/CMakeFiles/CMakeTmp'
Makefile:126: recipe for target 'cmTC_f33ff/fast' failed
make: *** [cmTC_f33ff/fast] Error 2


