Determining if the pthread_create exist failed with the following output:
Change Dir: /home/sundong/Exploring/localplanning/ros_navigation_stack_vrep_simulation/build/base_local_planner/CMakeFiles/CMakeTmp

Run Build Command:"/usr/bin/make" "cmTC_627a3/fast"
/usr/bin/make -f CMakeFiles/cmTC_627a3.dir/build.make CMakeFiles/cmTC_627a3.dir/build
make[1]: Entering directory '/home/sundong/Exploring/localplanning/ros_navigation_stack_vrep_simulation/build/base_local_planner/CMakeFiles/CMakeTmp'
Building C object CMakeFiles/cmTC_627a3.dir/CheckSymbolExists.c.o
/usr/bin/cc     -o CMakeFiles/cmTC_627a3.dir/CheckSymbolExists.c.o   -c /home/sundong/Exploring/localplanning/ros_navigation_stack_vrep_simulation/build/base_local_planner/CMakeFiles/CMakeTmp/CheckSymbolExists.c
Linking C executable cmTC_627a3
/usr/bin/cmake -E cmake_link_script CMakeFiles/cmTC_627a3.dir/link.txt --verbose=1
/usr/bin/cc       CMakeFiles/cmTC_627a3.dir/CheckSymbolExists.c.o  -o cmTC_627a3 -rdynamic 
CMakeFiles/cmTC_627a3.dir/CheckSymbolExists.c.o：在函数‘main’中：
CheckSymbolExists.c:(.text+0x16)：对‘pthread_create’未定义的引用
collect2: error: ld returned 1 exit status
CMakeFiles/cmTC_627a3.dir/build.make:97: recipe for target 'cmTC_627a3' failed
make[1]: *** [cmTC_627a3] Error 1
make[1]: Leaving directory '/home/sundong/Exploring/localplanning/ros_navigation_stack_vrep_simulation/build/base_local_planner/CMakeFiles/CMakeTmp'
Makefile:126: recipe for target 'cmTC_627a3/fast' failed
make: *** [cmTC_627a3/fast] Error 2

File /home/sundong/Exploring/localplanning/ros_navigation_stack_vrep_simulation/build/base_local_planner/CMakeFiles/CMakeTmp/CheckSymbolExists.c:
/* */
#include <pthread.h>

int main(int argc, char** argv)
{
  (void)argv;
#ifndef pthread_create
  return ((int*)(&pthread_create))[argc];
#else
  (void)argc;
  return 0;
#endif
}

Determining if the function pthread_create exists in the pthreads failed with the following output:
Change Dir: /home/sundong/Exploring/localplanning/ros_navigation_stack_vrep_simulation/build/base_local_planner/CMakeFiles/CMakeTmp

Run Build Command:"/usr/bin/make" "cmTC_24b1c/fast"
/usr/bin/make -f CMakeFiles/cmTC_24b1c.dir/build.make CMakeFiles/cmTC_24b1c.dir/build
make[1]: Entering directory '/home/sundong/Exploring/localplanning/ros_navigation_stack_vrep_simulation/build/base_local_planner/CMakeFiles/CMakeTmp'
Building C object CMakeFiles/cmTC_24b1c.dir/CheckFunctionExists.c.o
/usr/bin/cc    -DCHECK_FUNCTION_EXISTS=pthread_create   -o CMakeFiles/cmTC_24b1c.dir/CheckFunctionExists.c.o   -c /usr/share/cmake-3.5/Modules/CheckFunctionExists.c
Linking C executable cmTC_24b1c
/usr/bin/cmake -E cmake_link_script CMakeFiles/cmTC_24b1c.dir/link.txt --verbose=1
/usr/bin/cc   -DCHECK_FUNCTION_EXISTS=pthread_create    CMakeFiles/cmTC_24b1c.dir/CheckFunctionExists.c.o  -o cmTC_24b1c -rdynamic -lpthreads 
/usr/bin/ld: 找不到 -lpthreads
collect2: error: ld returned 1 exit status
CMakeFiles/cmTC_24b1c.dir/build.make:97: recipe for target 'cmTC_24b1c' failed
make[1]: *** [cmTC_24b1c] Error 1
make[1]: Leaving directory '/home/sundong/Exploring/localplanning/ros_navigation_stack_vrep_simulation/build/base_local_planner/CMakeFiles/CMakeTmp'
Makefile:126: recipe for target 'cmTC_24b1c/fast' failed
make: *** [cmTC_24b1c/fast] Error 2


