Determining if the pthread_create exist failed with the following output:
Change Dir: /home/sundong/Exploring/localplanning/ros_navigation_stack_vrep_simulation/build/map_server/CMakeFiles/CMakeTmp

Run Build Command:"/usr/bin/make" "cmTC_c6225/fast"
/usr/bin/make -f CMakeFiles/cmTC_c6225.dir/build.make CMakeFiles/cmTC_c6225.dir/build
make[1]: Entering directory '/home/sundong/Exploring/localplanning/ros_navigation_stack_vrep_simulation/build/map_server/CMakeFiles/CMakeTmp'
Building C object CMakeFiles/cmTC_c6225.dir/CheckSymbolExists.c.o
/usr/bin/cc     -o CMakeFiles/cmTC_c6225.dir/CheckSymbolExists.c.o   -c /home/sundong/Exploring/localplanning/ros_navigation_stack_vrep_simulation/build/map_server/CMakeFiles/CMakeTmp/CheckSymbolExists.c
Linking C executable cmTC_c6225
/usr/bin/cmake -E cmake_link_script CMakeFiles/cmTC_c6225.dir/link.txt --verbose=1
/usr/bin/cc       CMakeFiles/cmTC_c6225.dir/CheckSymbolExists.c.o  -o cmTC_c6225 -rdynamic 
CMakeFiles/cmTC_c6225.dir/CheckSymbolExists.c.o：在函数‘main’中：
CheckSymbolExists.c:(.text+0x16)：对‘pthread_create’未定义的引用
collect2: error: ld returned 1 exit status
CMakeFiles/cmTC_c6225.dir/build.make:97: recipe for target 'cmTC_c6225' failed
make[1]: *** [cmTC_c6225] Error 1
make[1]: Leaving directory '/home/sundong/Exploring/localplanning/ros_navigation_stack_vrep_simulation/build/map_server/CMakeFiles/CMakeTmp'
Makefile:126: recipe for target 'cmTC_c6225/fast' failed
make: *** [cmTC_c6225/fast] Error 2

File /home/sundong/Exploring/localplanning/ros_navigation_stack_vrep_simulation/build/map_server/CMakeFiles/CMakeTmp/CheckSymbolExists.c:
/* */
#include <pthread.h>

int main(int argc, char** argv)
{
  (void)argv;
#ifndef pthread_create
  return ((int*)(&pthread_create))[argc];
#else
  (void)argc;
  return 0;
#endif
}

Determining if the function pthread_create exists in the pthreads failed with the following output:
Change Dir: /home/sundong/Exploring/localplanning/ros_navigation_stack_vrep_simulation/build/map_server/CMakeFiles/CMakeTmp

Run Build Command:"/usr/bin/make" "cmTC_c11c3/fast"
/usr/bin/make -f CMakeFiles/cmTC_c11c3.dir/build.make CMakeFiles/cmTC_c11c3.dir/build
make[1]: Entering directory '/home/sundong/Exploring/localplanning/ros_navigation_stack_vrep_simulation/build/map_server/CMakeFiles/CMakeTmp'
Building C object CMakeFiles/cmTC_c11c3.dir/CheckFunctionExists.c.o
/usr/bin/cc    -DCHECK_FUNCTION_EXISTS=pthread_create   -o CMakeFiles/cmTC_c11c3.dir/CheckFunctionExists.c.o   -c /usr/share/cmake-3.5/Modules/CheckFunctionExists.c
Linking C executable cmTC_c11c3
/usr/bin/cmake -E cmake_link_script CMakeFiles/cmTC_c11c3.dir/link.txt --verbose=1
/usr/bin/cc   -DCHECK_FUNCTION_EXISTS=pthread_create    CMakeFiles/cmTC_c11c3.dir/CheckFunctionExists.c.o  -o cmTC_c11c3 -rdynamic -lpthreads 
/usr/bin/ld: 找不到 -lpthreads
collect2: error: ld returned 1 exit status
CMakeFiles/cmTC_c11c3.dir/build.make:97: recipe for target 'cmTC_c11c3' failed
make[1]: *** [cmTC_c11c3] Error 1
make[1]: Leaving directory '/home/sundong/Exploring/localplanning/ros_navigation_stack_vrep_simulation/build/map_server/CMakeFiles/CMakeTmp'
Makefile:126: recipe for target 'cmTC_c11c3/fast' failed
make: *** [cmTC_c11c3/fast] Error 2


